<?xml version="1.0" encoding="UTF-8"?>
<!-- Generated by org.testng.reporters.JUnitXMLReporter -->
<testsuite ignored="0" hostname="milind-Latitude-3420" failures="1" tests="3" name="Default test" time="307.691" errors="0" timestamp="2023-11-03T19:16:59 IST">
  <testcase classname="io.cucumber.testng.AbstractTestNGCucumberTests" name="runScenario" time="21.693">
    <failure type="java.lang.AssertionError" message="Failed to send keys to element [By.xpath: //input[@placeholder=&amp;apos;Password&amp;apos;]]">
      <![CDATA[java.lang.AssertionError: Failed to send keys to element [By.xpath: //input[@placeholder='Password']]
at org.testng.Assert.fail(Assert.java:111)
at Utilities.SeleniumCommon.sendKeys(SeleniumCommon.java:79)
at PageObjects.DashboardPage.societyAdminLogin(DashboardPage.java:79)
at StepDefinitions.AdminLoginSteps.the_user_logs_in_with_valid_email_and_password(AdminLoginSteps.java:23)
at ✽.the User logs in with Valid Email "mamaearth@nobroker.com" and Password "nobroker1"(file:///home/milind/Desktop/WebTestFolder/ProjectFirst/MGSoft/src/test/resources/Features/AdminLogin.feature:5)
]]>
    </failure>
  </testcase> <!-- runScenario -->
  <testcase classname="io.cucumber.testng.AbstractTestNGCucumberTests" name="runScenario" time="14.714"/>
  <testcase classname="io.cucumber.testng.AbstractTestNGCucumberTests" name="runScenario" time="270.419"/>
</testsuite> <!-- Default test -->
