<?xml version="1.0" encoding="UTF-8"?>
<!-- Generated by org.testng.reporters.JUnitReportReporter -->
<testsuite hostname="milind-Latitude-3420" failures="1" tests="3" name="TestRunner.TestNG_TestRunner" time="306.826" errors="0" timestamp="2023-11-03T19:17:00 IST" skipped="0">
  <testcase classname="TestRunner.TestNG_TestRunner" name="runScenario" time="270.419"/>
  <testcase classname="TestRunner.TestNG_TestRunner" name="runScenario" time="21.693">
    <failure message="Failed to send keys to element [By.xpath: //input[@placeholder=&#039;Password&#039;]]" type="java.lang.AssertionError">
      <![CDATA[java.lang.AssertionError: Failed to send keys to element [By.xpath: //input[@placeholder='Password']]
at org.testng.Assert.fail(Assert.java:111)
at Utilities.SeleniumCommon.sendKeys(SeleniumCommon.java:79)
at PageObjects.DashboardPage.societyAdminLogin(DashboardPage.java:79)
at StepDefinitions.AdminLoginSteps.the_user_logs_in_with_valid_email_and_password(AdminLoginSteps.java:23)
at ✽.the User logs in with Valid Email "mamaearth@nobroker.com" and Password "nobroker1"(file:///home/milind/Desktop/WebTestFolder/ProjectFirst/MGSoft/src/test/resources/Features/AdminLogin.feature:5)
]]>
    </failure>
  </testcase> <!-- runScenario -->
  <testcase classname="TestRunner.TestNG_TestRunner" name="runScenario" time="14.714"/>
</testsuite> <!-- TestRunner.TestNG_TestRunner -->
